<?xml version="1.0" encoding="UTF-8"?>
<testng-results skipped="0" failed="0" total="0" passed="0">
  <reporter-output>
  </reporter-output>
  <suite name="TDD.MathematicsTest" duration-ms="0" started-at="2018-03-13T03:54:33Z" finished-at="2018-03-13T03:54:33Z">
    <groups>
    </groups>
    <test name="Command line test" duration-ms="0" started-at="2018-03-13T03:54:33Z" finished-at="2018-03-13T03:54:33Z">
    </test> <!-- Command line test -->
  </suite> <!-- TDD.MathematicsTest -->
</testng-results>
